<?xml version="1.0" encoding="UTF-8"?>
<testng-results skipped="0" failed="0" ignored="0" total="1" passed="1">
  <reporter-output>
  </reporter-output>
  <suite name="practice.SampleTest" duration-ms="3655" started-at="2025-07-14T17:47:30 IST" finished-at="2025-07-14T17:47:34 IST">
    <groups>
    </groups>
    <test name="Command line test" duration-ms="3655" started-at="2025-07-14T17:47:30 IST" finished-at="2025-07-14T17:47:34 IST">
      <class name="practice.SampleTest">
        <test-method status="PASS" signature="sampleTest()[pri:0, instance:practice.SampleTest@9660f4e]" name="sampleTest" duration-ms="3609" started-at="2025-07-14T17:47:30 IST" finished-at="2025-07-14T17:47:34 IST">
          <reporter-output>
          </reporter-output>
        </test-method> <!-- sampleTest -->
      </class> <!-- practice.SampleTest -->
    </test> <!-- Command line test -->
  </suite> <!-- practice.SampleTest -->
</testng-results>
