<?xml version="1.0" encoding="UTF-8"?>
<testng-results skipped="0" failed="0" ignored="0" total="2" passed="2">
  <reporter-output>
  </reporter-output>
  <suite name="Command line suite" duration-ms="7719" started-at="2025-07-15T10:14:00 IST" finished-at="2025-07-15T10:14:08 IST">
    <groups>
    </groups>
    <test name="Command line test" duration-ms="7719" started-at="2025-07-15T10:14:00 IST" finished-at="2025-07-15T10:14:08 IST">
      <class name="practice.SampleTest">
        <test-method status="PASS" signature="sampleTest()[pri:0, instance:practice.SampleTest@2d6eabae]" name="sampleTest" duration-ms="7630" started-at="2025-07-15T10:14:00 IST" finished-at="2025-07-15T10:14:08 IST">
          <reporter-output>
          </reporter-output>
        </test-method> <!-- sampleTest -->
      </class> <!-- practice.SampleTest -->
      <class name="practice.DemoTest">
        <test-method status="PASS" signature="samplTest()[pri:0, instance:practice.DemoTest@76707e36]" name="samplTest" duration-ms="9" started-at="2025-07-15T10:14:00 IST" finished-at="2025-07-15T10:14:00 IST">
          <reporter-output>
          </reporter-output>
        </test-method> <!-- samplTest -->
      </class> <!-- practice.DemoTest -->
    </test> <!-- Command line test -->
  </suite> <!-- Command line suite -->
</testng-results>
